<?xml version="1.0" encoding="UTF-8"?>
<testng-results skipped="0" failed="0" ignored="0" total="4" passed="4">
  <reporter-output>
  </reporter-output>
  <suite name="weather-comparison suite" duration-ms="59481" started-at="2020-12-31T07:32:14Z" finished-at="2020-12-31T07:33:13Z">
    <groups>
    </groups>
    <test name="weather-ui-api-test" duration-ms="59481" started-at="2020-12-31T07:32:14Z" finished-at="2020-12-31T07:33:13Z">
      <class name="com.weather.tests.WeatherComparatorTestCombined">
        <test-method status="PASS" signature="beforeSuite()[pri:0, instance:com.weather.tests.WeatherComparatorTestCombined@cb51256]" name="beforeSuite" is-config="true" duration-ms="12" started-at="2020-12-31T07:32:14Z" finished-at="2020-12-31T07:32:14Z">
          <reporter-output>
          </reporter-output>
        </test-method> <!-- beforeSuite -->
        <test-method status="PASS" signature="setUp(java.lang.String)[pri:0, instance:com.weather.tests.WeatherComparatorTestCombined@cb51256]" name="setUp" is-config="true" duration-ms="4667" started-at="2020-12-31T07:32:14Z" finished-at="2020-12-31T07:32:18Z">
          <params>
            <param index="0">
              <value>
                <![CDATA[chrome]]>
              </value>
            </param>
          </params>
          <reporter-output>
          </reporter-output>
        </test-method> <!-- setUp -->
        <test-method status="PASS" signature="registrationPage()[pri:0, instance:com.weather.tests.WeatherComparatorTestCombined@cb51256]" name="registrationPage" duration-ms="50638" started-at="2020-12-31T07:32:18Z" finished-at="2020-12-31T07:33:09Z">
          <reporter-output>
          </reporter-output>
        </test-method> <!-- registrationPage -->
        <test-method status="PASS" signature="weatherApiTest()[pri:0, instance:com.weather.tests.WeatherComparatorTestCombined@cb51256]" name="weatherApiTest" duration-ms="2566" started-at="2020-12-31T07:33:09Z" finished-at="2020-12-31T07:33:12Z">
          <reporter-output>
          </reporter-output>
        </test-method> <!-- weatherApiTest -->
        <test-method status="PASS" signature="comparatorTest()[pri:0, instance:com.weather.tests.WeatherComparatorTestCombined@cb51256]" name="comparatorTest" duration-ms="1" started-at="2020-12-31T07:33:12Z" depends-on-methods="com.weather.tests.WeatherComparatorTestCombined.weatherApiTest" finished-at="2020-12-31T07:33:12Z">
          <reporter-output>
          </reporter-output>
        </test-method> <!-- comparatorTest -->
        <test-method status="PASS" signature="configureDataCheck()[pri:0, instance:com.weather.tests.WeatherComparatorTestCombined@cb51256]" name="configureDataCheck" duration-ms="1" started-at="2020-12-31T07:33:12Z" depends-on-methods="com.weather.tests.WeatherComparatorTestCombined.comparatorTest" finished-at="2020-12-31T07:33:12Z">
          <reporter-output>
          </reporter-output>
        </test-method> <!-- configureDataCheck -->
        <test-method status="PASS" signature="quitDriver()[pri:0, instance:com.weather.tests.WeatherComparatorTestCombined@cb51256]" name="quitDriver" is-config="true" duration-ms="1579" started-at="2020-12-31T07:33:12Z" finished-at="2020-12-31T07:33:13Z">
          <reporter-output>
          </reporter-output>
        </test-method> <!-- quitDriver -->
      </class> <!-- com.weather.tests.WeatherComparatorTestCombined -->
    </test> <!-- weather-ui-api-test -->
  </suite> <!-- weather-comparison suite -->
</testng-results>
