<?xml version="1.0" encoding="UTF-8"?>
<testsuite xmlns:xsi="http://www.w3.org/2001/XMLSchema-instance" xsi:noNamespaceSchemaLocation="https://maven.apache.org/surefire/maven-surefire-plugin/xsd/surefire-test-report-3.0.xsd" version="3.0" name="TestSuite" time="67.684" tests="4" errors="0" skipped="0" failures="1">
  <properties>
[...]
</properties>
  <testcase name="registrationPage" classname="com.weather.tests.WeatherComparatorTestCombined" time="57.473"/>
  <testcase name="weatherApiTest" classname="com.weather.tests.WeatherComparatorTestCombined" time="2.777"/>
  <testcase name="comparatorTest" classname="com.weather.tests.WeatherComparatorTestCombined" time="0.001"/>
  <testcase name="configureDataCheck" classname="com.weather.tests.WeatherComparatorTestCombined" time="0.016">
    <failure message="The temperature difference is more so the testcase is failed" type="java.lang.AssertionError">java.lang.AssertionError: The temperature difference is more so the testcase is failed
	at com.weather.tests.WeatherComparatorTestCombined.configureDataCheck(WeatherComparatorTestCombined.java:142)
</failure>
  </testcase>
</testsuite>