-------------------------------------------------------------------------------
Test set: TestSuite
-------------------------------------------------------------------------------
Tests run: 4, Failures: 1, Errors: 0, Skipped: 0, Time elapsed: 67.684 s <<< FAILURE! - in TestSuite
configureDataCheck(com.weather.tests.WeatherComparatorTestCombined)  Time elapsed: 0.016 s  <<< FAILURE!
java.lang.AssertionError: The temperature difference is more so the testcase is failed
	at com.weather.tests.WeatherComparatorTestCombined.configureDataCheck(WeatherComparatorTestCombined.java:142)

