<?xml version="1.0" encoding="UTF-8"?>
<!-- Generated by org.testng.reporters.JUnitXMLReporter -->
<testsuite hostname="nshibaha-mobl" ignored="0" name="weather-ui-api-test" tests="4" failures="1" timestamp="31 Dec 2020 07:14:13 GMT" time="66.303" errors="0">
  <testcase name="registrationPage" time="57.472" classname="com.weather.tests.WeatherComparatorTestCombined"/>
  <testcase name="weatherApiTest" time="2.777" classname="com.weather.tests.WeatherComparatorTestCombined"/>
  <testcase name="comparatorTest" time="0.001" classname="com.weather.tests.WeatherComparatorTestCombined"/>
  <testcase name="configureDataCheck" time="0.002" classname="com.weather.tests.WeatherComparatorTestCombined">
    <failure type="java.lang.AssertionError" message="The temperature difference is more so the testcase is failed">
      <![CDATA[java.lang.AssertionError: The temperature difference is more so the testcase is failed
at com.weather.tests.WeatherComparatorTestCombined.configureDataCheck(WeatherComparatorTestCombined.java:142)
... Removed 30 stack frames]]>
    </failure>
  </testcase> <!-- configureDataCheck -->
</testsuite> <!-- weather-ui-api-test -->
