<?xml version="1.0" encoding="UTF-8"?>
<!-- Generated by org.testng.reporters.JUnitXMLReporter -->
<testsuite hostname="nshibaha-mobl" ignored="0" name="weather-ui-api-test" tests="4" failures="0" timestamp="31 Dec 2020 07:33:13 GMT" time="59.481" errors="0">
  <testcase name="registrationPage" time="50.638" classname="com.weather.tests.WeatherComparatorTestCombined"/>
  <testcase name="weatherApiTest" time="2.566" classname="com.weather.tests.WeatherComparatorTestCombined"/>
  <testcase name="comparatorTest" time="0.001" classname="com.weather.tests.WeatherComparatorTestCombined"/>
  <testcase name="configureDataCheck" time="0.001" classname="com.weather.tests.WeatherComparatorTestCombined"/>
</testsuite> <!-- weather-ui-api-test -->
